c:\users\kacper\desktop\projekt kck\kck\kck_projekt_sfml\debug\vc120.pdb
c:\users\kacper\desktop\projekt kck\kck\kck_projekt_sfml\debug\vc120.idb
c:\users\kacper\desktop\projekt kck\kck\kck_projekt_sfml\debug\help.obj
c:\users\kacper\desktop\projekt kck\kck\kck_projekt_sfml\debug\human.obj
c:\users\kacper\desktop\projekt kck\kck\kck_projekt_sfml\debug\console.obj
c:\users\kacper\desktop\projekt kck\kck\kck_projekt_sfml\debug\pirate.obj
c:\users\kacper\desktop\projekt kck\kck\kck_projekt_sfml\debug\window.obj
c:\users\kacper\desktop\projekt kck\kck\kck_projekt_sfml\debug\gamescreen.obj
c:\users\kacper\desktop\projekt kck\kck\kck_projekt_sfml\debug\main.obj
c:\users\kacper\desktop\projekt kck\kck\kck_projekt_sfml\debug\motherplanet.obj
c:\users\kacper\desktop\projekt kck\kck\kck_projekt_sfml\debug\planet.obj
c:\users\kacper\desktop\projekt kck\kck\kck_projekt_sfml\debug\ship.obj
c:\users\kacper\desktop\projekt kck\kck\kck_projekt_sfml\debug\stdafx.obj
c:\users\kacper\desktop\projekt kck\kck\kck_projekt_sfml\debug\console.i
c:\users\kacper\desktop\projekt kck\kck\kck_projekt_sfml\debug\pirate.i
c:\users\kacper\desktop\projekt kck\kck\kck_projekt_sfml\debug\window.i
c:\users\kacper\desktop\projekt kck\kck\kck_projekt_sfml\debug\gamescreen.i
c:\users\kacper\desktop\projekt kck\kck\kck_projekt_sfml\debug\help.i
c:\users\kacper\desktop\projekt kck\kck\kck_projekt_sfml\debug\human.i
c:\users\kacper\desktop\projekt kck\kck\kck_projekt_sfml\debug\main.i
c:\users\kacper\desktop\projekt kck\kck\kck_projekt_sfml\debug\motherplanet.i
c:\users\kacper\desktop\projekt kck\kck\kck_projekt_sfml\debug\planet.i
c:\users\kacper\desktop\projekt kck\kck\kck_projekt_sfml\debug\ship.i
c:\users\kacper\desktop\projekt kck\kck\kck_projekt_sfml\debug\stdafx.i
c:\users\kacper\desktop\projekt kck\kck\debug\kck_projekt_sfml.ilk
c:\users\kacper\desktop\projekt kck\kck\debug\kck_projekt_sfml.exe
c:\users\kacper\desktop\projekt kck\kck\debug\kck_projekt_sfml.pdb
c:\users\kacper\desktop\projekt kck\kck\kck_projekt_sfml\debug\ekranglowny.obj
c:\users\kacper\desktop\projekt kck\kck\kck_projekt_sfml\debug\ekrangry.obj
c:\users\kacper\desktop\projekt kck\kck\kck_projekt_sfml\debug\statek.obj
c:\users\kacper\desktop\projekt kck\kck\kck_projekt_sfml\debug\kck_projekt_sfml.tlog\cl.command.1.tlog
c:\users\kacper\desktop\projekt kck\kck\kck_projekt_sfml\debug\kck_projekt_sfml.tlog\cl.read.1.tlog
c:\users\kacper\desktop\projekt kck\kck\kck_projekt_sfml\debug\kck_projekt_sfml.tlog\cl.write.1.tlog
c:\users\kacper\desktop\projekt kck\kck\kck_projekt_sfml\debug\kck_projekt_sfml.tlog\link.command.1.tlog
c:\users\kacper\desktop\projekt kck\kck\kck_projekt_sfml\debug\kck_projekt_sfml.tlog\link.read.1.tlog
c:\users\kacper\desktop\projekt kck\kck\kck_projekt_sfml\debug\kck_projekt_sfml.tlog\link.write.1.tlog
