Build started 2014-10-31 13:15:23.
     1>Project "C:\Users\Gracjan\Documents\Visual Studio 2013\Projects\KCK_projekt_SFML\KCK_projekt_SFML\KCK_projekt_SFML.vcxproj" on node 2 (Build target(s)).
     1>ClCompile:
         D:\Program Files (x86)\Microsoft Visual Studio 2013\VC\bin\CL.exe /c /I"C:\SFML\SFML-2.1\include" /ZI /nologo /W3 /WX- /sdl /Od /Oy- /D WIN32 /D _DEBUG /D _CONSOLE /D _LIB /D SFML_STATIC /D _UNICODE /D UNICODE /Gm /EHsc /RTC1 /MTd /GS /fp:precise /Zc:wchar_t /Zc:forScope /Fo"Debug Static\\" /Fd"Debug Static\vc120.pdb" /Gd /TP /analyze- /errorReport:prompt EkranGlowny.cpp EkranGry.cpp Main.cpp Planet.cpp Ship.cpp stdafx.cpp
         stdafx.cpp
         Ship.cpp
     1>c:\users\gracjan\documents\visual studio 2013\projects\kck_projekt_sfml\kck_projekt_sfml\ship.cpp(35): warning C4244: 'argument' : conversion from 'unsigned int' to 'float', possible loss of data
         Planet.cpp
     1>c:\users\gracjan\documents\visual studio 2013\projects\kck_projekt_sfml\kck_projekt_sfml\planet.cpp(8): warning C4244: 'argument' : conversion from 'float' to 'unsigned int', possible loss of data
         Main.cpp
         EkranGry.cpp
         EkranGlowny.cpp
         Generating Code...
     1>c:\users\gracjan\documents\visual studio 2013\projects\kck_projekt_sfml\kck_projekt_sfml\ship.cpp(50): warning C4715: 'Ship::isBeyondMap' : not all control paths return a value
       Link:
         D:\Program Files (x86)\Microsoft Visual Studio 2013\VC\bin\link.exe /ERRORREPORT:PROMPT /OUT:"C:\Users\Gracjan\Documents\Visual Studio 2013\Projects\KCK_projekt_SFML\Debug Static\KCK_projekt_SFML.exe" /INCREMENTAL /NOLOGO /LIBPATH:"C:\SFML\SFML-2.1\extlibs\libs-msvc\x86" /LIBPATH:"C:\SFML\SFML-2.1\Staitc Libs\Debug" "sfml-graphics-s-d.lib" "sfml-window-s-d.lib" "sfml-system-s-d.lib" kernel32.lib user32.lib gdi32.lib winspool.lib comdlg32.lib advapi32.lib shell32.lib ole32.lib oleaut32.lib uuid.lib odbc32.lib odbccp32.lib /MANIFEST /MANIFESTUAC:"level='asInvoker' uiAccess='false'" /manifest:embed /DEBUG /PDB:"C:\Users\Gracjan\Documents\Visual Studio 2013\Projects\KCK_projekt_SFML\Debug Static\KCK_projekt_SFML.pdb" /SUBSYSTEM:CONSOLE /TLBID:1 /DYNAMICBASE /NXCOMPAT /IMPLIB:"C:\Users\Gracjan\Documents\Visual Studio 2013\Projects\KCK_projekt_SFML\Debug Static\KCK_projekt_SFML.lib" /MACHINE:X86 "Debug Static\EkranGlowny.obj"
         "Debug Static\EkranGry.obj"
         "Debug Static\Main.obj"
         "Debug Static\Planet.obj"
         "Debug Static\Ship.obj"
         "Debug Static\stdafx.obj"
         KCK_projekt_SFML.vcxproj -> C:\Users\Gracjan\Documents\Visual Studio 2013\Projects\KCK_projekt_SFML\Debug Static\KCK_projekt_SFML.exe
     1>Done Building Project "C:\Users\Gracjan\Documents\Visual Studio 2013\Projects\KCK_projekt_SFML\KCK_projekt_SFML\KCK_projekt_SFML.vcxproj" (Build target(s)).

Build succeeded.

Time Elapsed 00:00:09.27
